<?xml version="1.0" encoding="UTF-8"?>
<!-- Generated by org.testng.reporters.JUnitReportReporter -->
<testsuite hostname="SupriyaPC" name="com.googletests.GoogleTests" tests="1" failures="0" timestamp="16 Mar 2015 19:23:41 GMT" time="0.015" errors="0">
  <testcase name="testGoogle" time="0.015" classname="com.googletests.GoogleTests"/>
</testsuite> <!-- com.googletests.GoogleTests -->
