<?xml version="1.0" encoding="UTF-8"?>
<!-- Generated by org.testng.reporters.JUnitReportReporter -->
<testsuite hostname="SupriyaPC" name="com.googletests.GoogleTest" tests="1" failures="0" timestamp="18 Mar 2015 11:14:59 GMT" time="0.016" errors="0">
  <testcase name="testGoogle" time="0.016" classname="com.googletests.GoogleTest"/>
</testsuite> <!-- com.googletests.GoogleTest -->
